Using pre-set license
Built from '2021.3/staging' branch; Version is '2021.3.34f1 (25266724e7bd) revision 2434663'; Using compiler version '192829333'; Build Type 'Release'
OS: 'Windows 11  (10.0.22621) 64bit Core' Language: 'en' Physical Memory: 32513 MB
BatchMode: 1, IsHumanControllingUs: 0, StartBugReporterOnCrash: 0, Is64bit: 1, IsPro: 1

COMMAND LINE ARGUMENTS:
C:\Program Files\Unity\Hub\Editor\2021.3.34f1\Editor\Unity.exe
-adb2
-batchMode
-noUpm
-name
AssetImportWorker0
-projectPath
C:/Users/Danny Fonseca/OneDrive/DIG3480/FPS/FPS
-logFile
Logs/AssetImportWorker0.log
-srvPort
51309
Successfully changed project path to: C:/Users/Danny Fonseca/OneDrive/DIG3480/FPS/FPS
C:/Users/Danny Fonseca/OneDrive/DIG3480/FPS/FPS
[UnityMemory] Configuration Parameters - Can be set up in boot.config
    "memorysetup-bucket-allocator-granularity=16"
    "memorysetup-bucket-allocator-bucket-count=8"
    "memorysetup-bucket-allocator-block-size=33554432"
    "memorysetup-bucket-allocator-block-count=8"
    "memorysetup-main-allocator-block-size=16777216"
    "memorysetup-thread-allocator-block-size=16777216"
    "memorysetup-gfx-main-allocator-block-size=16777216"
    "memorysetup-gfx-thread-allocator-block-size=16777216"
    "memorysetup-cache-allocator-block-size=4194304"
    "memorysetup-typetree-allocator-block-size=2097152"
    "memorysetup-profiler-bucket-allocator-granularity=16"
    "memorysetup-profiler-bucket-allocator-bucket-count=8"
    "memorysetup-profiler-bucket-allocator-block-size=33554432"
    "memorysetup-profiler-bucket-allocator-block-count=8"
    "memorysetup-profiler-allocator-block-size=16777216"
    "memorysetup-profiler-editor-allocator-block-size=1048576"
    "memorysetup-temp-allocator-size-main=16777216"
    "memorysetup-job-temp-allocator-block-size=2097152"
    "memorysetup-job-temp-allocator-block-size-background=1048576"
    "memorysetup-job-temp-allocator-reduction-small-platforms=262144"
    "memorysetup-temp-allocator-size-background-worker=32768"
    "memorysetup-temp-allocator-size-job-worker=262144"
    "memorysetup-temp-allocator-size-preload-manager=33554432"
    "memorysetup-temp-allocator-size-nav-mesh-worker=65536"
    "memorysetup-temp-allocator-size-audio-worker=65536"
    "memorysetup-temp-allocator-size-cloud-worker=32768"
    "memorysetup-temp-allocator-size-gi-baking-worker=262144"
    "memorysetup-temp-allocator-size-gfx=262144"
Player connection [23332] Host "[IP] 192.168.1.128 [Port] 0 [Flags] 2 [Guid] 4072204488 [EditorId] 4072204488 [Version] 1048832 [Id] WindowsEditor(7,DESKTOP-AV6T8L1) [Debug] 1 [PackageName] WindowsEditor [ProjectName] Editor" joined multi-casting on [225.0.0.222:54997]...

Player connection [23332] Host "[IP] 192.168.1.128 [Port] 0 [Flags] 2 [Guid] 4072204488 [EditorId] 4072204488 [Version] 1048832 [Id] WindowsEditor(7,DESKTOP-AV6T8L1) [Debug] 1 [PackageName] WindowsEditor [ProjectName] Editor" joined alternative multi-casting on [225.0.0.222:34997]...

[Physics::Module] Initialized MultithreadedJobDispatcher with {0} workers.
Refreshing native plugins compatible for Editor in 302.50 ms, found 3 plugins.
Preloading 0 native plugins for Editor in 0.00 ms.
Initialize engine version: 2021.3.34f1 (25266724e7bd)
[Subsystems] Discovering subsystems at path C:/Program Files/Unity/Hub/Editor/2021.3.34f1/Editor/Data/Resources/UnitySubsystems
[Subsystems] Discovering subsystems at path C:/Users/Danny Fonseca/OneDrive/DIG3480/FPS/FPS/Assets
GfxDevice: creating device client; threaded=0; jobified=0
Direct3D:
    Version:  Direct3D 11.0 [level 11.1]
    Renderer: NVIDIA GeForce GTX 1650 Ti (ID=0x1f95)
    Vendor:   NVIDIA
    VRAM:     3953 MB
    Driver:   31.0.15.4609
Initialize mono
Mono path[0] = 'C:/Program Files/Unity/Hub/Editor/2021.3.34f1/Editor/Data/Managed'
Mono path[1] = 'C:/Program Files/Unity/Hub/Editor/2021.3.34f1/Editor/Data/MonoBleedingEdge/lib/mono/unityjit-win32'
Mono config path = 'C:/Program Files/Unity/Hub/Editor/2021.3.34f1/Editor/Data/MonoBleedingEdge/etc'
Using monoOptions --debugger-agent=transport=dt_socket,embedding=1,server=y,suspend=n,address=127.0.0.1:56556
Begin MonoManager ReloadAssembly
Registering precompiled unity dll's ...
Register platform support module: C:/Program Files/Unity/Hub/Editor/2021.3.34f1/Editor/Data/PlaybackEngines/WebGLSupport/UnityEditor.WebGL.Extensions.dll
Register platform support module: C:/Program Files/Unity/Hub/Editor/2021.3.34f1/Editor/Data/PlaybackEngines/MacStandaloneSupport/UnityEditor.OSXStandalone.Extensions.dll
Register platform support module: C:/Program Files/Unity/Hub/Editor/2021.3.34f1/Editor/Data/PlaybackEngines/AndroidPlayer/UnityEditor.Android.Extensions.dll
Register platform support module: C:/Program Files/Unity/Hub/Editor/2021.3.34f1/Editor/Data/PlaybackEngines/iOSSupport/UnityEditor.iOS.Extensions.dll
Register platform support module: C:/Program Files/Unity/Hub/Editor/2021.3.34f1/Editor/Data/PlaybackEngines/AppleTVSupport/UnityEditor.AppleTV.Extensions.dll
Register platform support module: C:/Program Files/Unity/Hub/Editor/2021.3.34f1/Editor/Data/PlaybackEngines/WindowsStandaloneSupport/UnityEditor.WindowsStandalone.Extensions.dll
Register platform support module: C:/Program Files/Unity/Hub/Editor/2021.3.34f1/Editor/Data/PlaybackEngines/LinuxStandaloneSupport/UnityEditor.LinuxStandalone.Extensions.dll
Register platform support module: C:/Program Files/Unity/Hub/Editor/2021.3.34f1/Editor/Data/PlaybackEngines/MetroSupport/UnityEditor.UWP.Extensions.dll
Registered in 0.977623 seconds.
Native extension for UWP target not found
Native extension for LinuxStandalone target not found
Native extension for WindowsStandalone target not found
[usbmuxd] Start listen thread
[usbmuxd] Listen thread started
Native extension for AppleTV target not found
[usbmuxd] Start listen thread
[usbmuxd] Listen thread started
Native extension for iOS target not found
Native extension for Android target not found
Android Extension - Scanning For ADB Devices 900 ms
Native extension for OSXStandalone target not found
Native extension for WebGL target not found
Refreshing native plugins compatible for Editor in 260.38 ms, found 3 plugins.
Preloading 0 native plugins for Editor in 0.00 ms.
Mono: successfully reloaded assembly
- Completed reload, in 12.653 seconds
Domain Reload Profiling:
	ReloadAssembly (12653ms)
		BeginReloadAssembly (5907ms)
			ExecutionOrderSort (0ms)
			DisableScriptedObjects (0ms)
			BackupInstance (0ms)
			ReleaseScriptingObjects (0ms)
			CreateAndSetChildDomain (2ms)
		EndReloadAssembly (5026ms)
			LoadAssemblies (5941ms)
			RebuildTransferFunctionScriptingTraits (0ms)
			SetupTypeCache (1839ms)
			ReleaseScriptCaches (0ms)
			RebuildScriptCaches (47ms)
			SetupLoadedEditorAssemblies (3028ms)
				LogAssemblyErrors (0ms)
				InitializePlatformSupportModulesInManaged (2428ms)
				SetLoadedEditorAssemblies (0ms)
				RefreshPlugins (260ms)
				BeforeProcessingInitializeOnLoad (2ms)
				ProcessInitializeOnLoadAttributes (261ms)
				ProcessInitializeOnLoadMethodAttributes (76ms)
				AfterProcessingInitializeOnLoad (0ms)
				EditorAssembliesLoaded (0ms)
			ExecutionOrderSort2 (0ms)
			AwakeInstancesAfterBackupRestoration (0ms)
Platform modules already initialized, skipping
Registering precompiled user dll's ...
Registered in 0.032254 seconds.
Begin MonoManager ReloadAssembly
Native extension for UWP target not found
Native extension for LinuxStandalone target not found
Native extension for WindowsStandalone target not found
Native extension for AppleTV target not found
Native extension for iOS target not found
Native extension for Android target not found
Native extension for OSXStandalone target not found
Native extension for WebGL target not found
Refreshing native plugins compatible for Editor in 278.25 ms, found 3 plugins.
Preloading 0 native plugins for Editor in 0.00 ms.
Package Manager log level set to [2]
[Package Manager] Server::EnsureServerProcessIsRunning -- launch failed, reason: Unity was launched with the -noUpm command-line argument
[Package Manager] Cannot connect to Unity Package Manager local server
Mono: successfully reloaded assembly
- Completed reload, in 12.308 seconds
Domain Reload Profiling:
	ReloadAssembly (12309ms)
		BeginReloadAssembly (231ms)
			ExecutionOrderSort (0ms)
			DisableScriptedObjects (10ms)
			BackupInstance (0ms)
			ReleaseScriptingObjects (0ms)
			CreateAndSetChildDomain (29ms)
		EndReloadAssembly (11758ms)
			LoadAssemblies (7805ms)
			RebuildTransferFunctionScriptingTraits (0ms)
			SetupTypeCache (1399ms)
			ReleaseScriptCaches (1ms)
			RebuildScriptCaches (100ms)
			SetupLoadedEditorAssemblies (2425ms)
				LogAssemblyErrors (0ms)
				InitializePlatformSupportModulesInManaged (82ms)
				SetLoadedEditorAssemblies (0ms)
				RefreshPlugins (278ms)
				BeforeProcessingInitializeOnLoad (259ms)
				ProcessInitializeOnLoadAttributes (1700ms)
				ProcessInitializeOnLoadMethodAttributes (94ms)
				AfterProcessingInitializeOnLoad (12ms)
				EditorAssembliesLoaded (0ms)
			ExecutionOrderSort2 (0ms)
			AwakeInstancesAfterBackupRestoration (8ms)
Platform modules already initialized, skipping
========================================================================
Worker process is ready to serve import requests
Launched and connected shader compiler UnityShaderCompiler.exe after 0.10 seconds
Refreshing native plugins compatible for Editor in 1.14 ms, found 3 plugins.
Preloading 0 native plugins for Editor in 0.00 ms.
Unloading 5546 Unused Serialized files (Serialized files now loaded: 0)
Unloading 32 unused Assets / (99.8 KB). Loaded Objects now: 6018.
Memory consumption went from 306.4 MB to 306.3 MB.
Total: 5.651800 ms (FindLiveObjects: 0.560300 ms CreateObjectMapping: 0.587600 ms MarkObjects: 4.289800 ms  DeleteObjects: 0.212800 ms)

AssetImportParameters requested are different than current active one (requested -> active):
  custom:video-decoder-ogg-theora: a1e56fd34408186e4bbccfd4996cb3dc -> 
  custom:container-muxer-webm: aa71ff27fc2769a1b78a27578f13a17b -> 
  custom:container-demuxer-webm: 4f35f7cbe854078d1ac9338744f61a02 -> 
  custom:video-encoder-webm-vp8: eb34c28f22e8b96e1ab97ce403110664 -> 
  custom:video-codec-MediaFoundation-h265: 746d11721c4dcdbdad8f713fa42b33f4 -> 
  custom:CustomObjectIndexerAttribute: 6b0e35c9178b02a6363f3721b7b8e397 -> 
  custom:audio-encoder-webm-vorbis: bf7c407c2cedff20999df2af8eb42d56 -> 
  custom:framework-win-MediaFoundation: 216162199b28c13a410421893ffa2e32 -> 
  custom:SearchIndexIgnoredProperties: e643bd26f0fe6173181afceb89e7c659 -> 
  custom:container-demuxer-ogg: 62fdf1f143b41e24485cea50d1cbac27 -> 
  custom:video-decoder-webm-vp8: 9c59270c3fd7afecdb556c50c9e8de78 -> 
  custom:audio-decoder-ogg-vorbis: bf7c407c2cedff20999df2af8eb42d56 -> 
========================================================================
Received Import Request.
  Time since last request: 2152027.218984 seconds.
  path: Assets/FPS/Tutorials/Tutorial Project Settings.asset
  artifactKey: Guid(82ccda3adf0ba49e1ba86e30edff0cc5) Importer(815301076,1909f56bfc062723c751e8b465ee728b)
Number of updated assets reloaded before import = 0
Start importing Assets/FPS/Tutorials/Tutorial Project Settings.asset using Guid(82ccda3adf0ba49e1ba86e30edff0cc5) Importer(815301076,1909f56bfc062723c751e8b465ee728b)  -> (artifact id: 'aa48e92c15fc042ba64ef49320bbc7f4') in 1.356789 seconds 
Number of asset objects unloaded after import = 884
========================================================================
Received Import Request.
  Time since last request: 0.000036 seconds.
  path: Assets/FPS/Tutorials/Unity.FPS.Tutorials.asmdef
  artifactKey: Guid(54b90cb525cf7fd4b8440dd760d63ac4) Importer(815301076,1909f56bfc062723c751e8b465ee728b)
Number of updated assets reloaded before import = 0
Start importing Assets/FPS/Tutorials/Unity.FPS.Tutorials.asmdef using Guid(54b90cb525cf7fd4b8440dd760d63ac4) Importer(815301076,1909f56bfc062723c751e8b465ee728b)  -> (artifact id: '6a5afa0eb69d78e1fb1975a1545922ad') in 0.025375 seconds 
Number of asset objects unloaded after import = 0
========================================================================
Received Import Request.
  Time since last request: 136.218361 seconds.
  path: Assets/Grass_Tail_Animator/Sprites/Black and White/tantacle.png
  artifactKey: Guid(3edbd0c454d73494aa8fe9c4973b8323) Importer(815301076,1909f56bfc062723c751e8b465ee728b)
Number of updated assets reloaded before import = 0
Start importing Assets/Grass_Tail_Animator/Sprites/Black and White/tantacle.png using Guid(3edbd0c454d73494aa8fe9c4973b8323) Importer(815301076,1909f56bfc062723c751e8b465ee728b)  -> (artifact id: 'e7814c0b763ad4102307cb94533b3a56') in 0.580030 seconds 
Number of asset objects unloaded after import = 3
========================================================================
Received Import Request.
  Time since last request: 0.000054 seconds.
  path: Assets/Grass_Tail_Animator/Sprites/Colored/Tiger.png
  artifactKey: Guid(1f8f84643a5e95747b04f59a0f49cfe3) Importer(815301076,1909f56bfc062723c751e8b465ee728b)
Number of updated assets reloaded before import = 0
Start importing Assets/Grass_Tail_Animator/Sprites/Colored/Tiger.png using Guid(1f8f84643a5e95747b04f59a0f49cfe3) Importer(815301076,1909f56bfc062723c751e8b465ee728b)  -> (artifact id: 'ce80f655989eaff5de662649d207bcc2') in 0.332301 seconds 
Number of asset objects unloaded after import = 3
========================================================================
Received Import Request.
  Time since last request: 0.000047 seconds.
  path: Assets/Grass_Tail_Animator/Sprites/Colored/Tentacle_02.png
  artifactKey: Guid(b25ac0a64f553534693b6551c7107f4d) Importer(815301076,1909f56bfc062723c751e8b465ee728b)
Number of updated assets reloaded before import = 0
Start importing Assets/Grass_Tail_Animator/Sprites/Colored/Tentacle_02.png using Guid(b25ac0a64f553534693b6551c7107f4d) Importer(815301076,1909f56bfc062723c751e8b465ee728b)  -> (artifact id: 'f117483aad00c3acaa69fd607c124d67') in 0.318090 seconds 
Number of asset objects unloaded after import = 3
========================================================================
Received Import Request.
  Time since last request: 153.709455 seconds.
  path: Assets/Grass_Tail_Animator/Sprites/Colored/Long_tale.png
  artifactKey: Guid(2e1b0c5271e84804f88838b864957083) Importer(815301076,1909f56bfc062723c751e8b465ee728b)
Number of updated assets reloaded before import = 0
Start importing Assets/Grass_Tail_Animator/Sprites/Colored/Long_tale.png using Guid(2e1b0c5271e84804f88838b864957083) Importer(815301076,1909f56bfc062723c751e8b465ee728b)  -> (artifact id: '9c74c35e3e1ac6db59f6393edc51b30c') in 0.322899 seconds 
Number of asset objects unloaded after import = 3
========================================================================
Received Import Request.
  Time since last request: 0.336783 seconds.
  path: Assets/Grass_Tail_Animator/Sprites/Black and White/grass.png
  artifactKey: Guid(43a8471a3c5a3964a8631fc6f6017c8b) Importer(815301076,1909f56bfc062723c751e8b465ee728b)
Number of updated assets reloaded before import = 0
Start importing Assets/Grass_Tail_Animator/Sprites/Black and White/grass.png using Guid(43a8471a3c5a3964a8631fc6f6017c8b) Importer(815301076,1909f56bfc062723c751e8b465ee728b)  -> (artifact id: '08732ee9e83f43413668212cf2ad00d2') in 0.337940 seconds 
Number of asset objects unloaded after import = 3
========================================================================
Received Import Request.
  Time since last request: 0.000040 seconds.
  path: Assets/HD_InteriorLightingVol.2/Textures/Floor/Floor_2/Floor_2_COLOR.psd
  artifactKey: Guid(8ee06da6fff5dec428fc8b42180deb3a) Importer(815301076,1909f56bfc062723c751e8b465ee728b)
Number of updated assets reloaded before import = 0
Start importing Assets/HD_InteriorLightingVol.2/Textures/Floor/Floor_2/Floor_2_COLOR.psd using Guid(8ee06da6fff5dec428fc8b42180deb3a) Importer(815301076,1909f56bfc062723c751e8b465ee728b)  -> (artifact id: 'c9e01b729d05d628fe35cb8adbbeacdc') in 0.148760 seconds 
Number of asset objects unloaded after import = 2
========================================================================
Received Import Request.
  Time since last request: 0.000044 seconds.
  path: Assets/HD_InteriorLightingVol.2/Textures/Floor/Floor_11.tiff
  artifactKey: Guid(f7e3c8f1b4d0f474f866c099ecbebe3e) Importer(815301076,1909f56bfc062723c751e8b465ee728b)
Number of updated assets reloaded before import = 0
Start importing Assets/HD_InteriorLightingVol.2/Textures/Floor/Floor_11.tiff using Guid(f7e3c8f1b4d0f474f866c099ecbebe3e) Importer(815301076,1909f56bfc062723c751e8b465ee728b)  -> (artifact id: 'e2c0dbbaba6cd30a6be542d3dd117ba2') in 0.069282 seconds 
Number of asset objects unloaded after import = 2
========================================================================
Received Import Request.
  Time since last request: 0.000025 seconds.
  path: Assets/HD_InteriorLightingVol.2/Textures/Floor/Floor_6.tiff
  artifactKey: Guid(16c2a593eaa6b1c4982e45bbef046d00) Importer(815301076,1909f56bfc062723c751e8b465ee728b)
Number of updated assets reloaded before import = 0
Start importing Assets/HD_InteriorLightingVol.2/Textures/Floor/Floor_6.tiff using Guid(16c2a593eaa6b1c4982e45bbef046d00) Importer(815301076,1909f56bfc062723c751e8b465ee728b)  -> (artifact id: 'c21d7a3163bc514b1cf5a52bf3a6c4ed') in 0.049114 seconds 
Number of asset objects unloaded after import = 2
========================================================================
Received Import Request.
  Time since last request: 0.000029 seconds.
  path: Assets/HD_InteriorLightingVol.2/Textures/Floor/Floor_13.tiff
  artifactKey: Guid(128ea355076e2d949af4c6fcb5ced91d) Importer(815301076,1909f56bfc062723c751e8b465ee728b)
Number of updated assets reloaded before import = 0
Start importing Assets/HD_InteriorLightingVol.2/Textures/Floor/Floor_13.tiff using Guid(128ea355076e2d949af4c6fcb5ced91d) Importer(815301076,1909f56bfc062723c751e8b465ee728b)  -> (artifact id: 'd134d3967790def502a66f6244ee70b4') in 0.051242 seconds 
Number of asset objects unloaded after import = 2
========================================================================
Received Import Request.
  Time since last request: 0.000027 seconds.
  path: Assets/HD_InteriorLightingVol.2/Textures/Floor/Floor_5.tiff
  artifactKey: Guid(262959e5833f72d42a426c0dffa323bf) Importer(815301076,1909f56bfc062723c751e8b465ee728b)
Number of updated assets reloaded before import = 0
Start importing Assets/HD_InteriorLightingVol.2/Textures/Floor/Floor_5.tiff using Guid(262959e5833f72d42a426c0dffa323bf) Importer(815301076,1909f56bfc062723c751e8b465ee728b)  -> (artifact id: '1d87d218b5bb985cbe6cf5235812b5af') in 0.042781 seconds 
Number of asset objects unloaded after import = 2
========================================================================
Received Import Request.
  Time since last request: 0.000048 seconds.
  path: Assets/HD_InteriorLightingVol.2/Textures/Floor/Floor_2/Floor_2_OCC.png
  artifactKey: Guid(8bce7dd1621af294e89d97e6965b5571) Importer(815301076,1909f56bfc062723c751e8b465ee728b)
Number of updated assets reloaded before import = 0
Start importing Assets/HD_InteriorLightingVol.2/Textures/Floor/Floor_2/Floor_2_OCC.png using Guid(8bce7dd1621af294e89d97e6965b5571) Importer(815301076,1909f56bfc062723c751e8b465ee728b)  -> (artifact id: '303419294906895ebc12bda7bbf8b965') in 0.049995 seconds 
Number of asset objects unloaded after import = 2
========================================================================
Received Import Request.
  Time since last request: 0.000039 seconds.
  path: Assets/HD_InteriorLightingVol.2/Textures/Floor/Floor_3.tiff
  artifactKey: Guid(0571915cafd950c40898ef01180b2e34) Importer(815301076,1909f56bfc062723c751e8b465ee728b)
Number of updated assets reloaded before import = 0
Start importing Assets/HD_InteriorLightingVol.2/Textures/Floor/Floor_3.tiff using Guid(0571915cafd950c40898ef01180b2e34) Importer(815301076,1909f56bfc062723c751e8b465ee728b)  -> (artifact id: '15fb8a3fadeefe12f13ffbefb49f9936') in 0.051048 seconds 
Number of asset objects unloaded after import = 2
========================================================================
Received Import Request.
  Time since last request: 0.000032 seconds.
  path: Assets/HD_InteriorLightingVol.2/Textures/Floor/Floor_2.tiff
  artifactKey: Guid(e0e774dfa46f49745b831957a4dcbfd6) Importer(815301076,1909f56bfc062723c751e8b465ee728b)
Number of updated assets reloaded before import = 0
Start importing Assets/HD_InteriorLightingVol.2/Textures/Floor/Floor_2.tiff using Guid(e0e774dfa46f49745b831957a4dcbfd6) Importer(815301076,1909f56bfc062723c751e8b465ee728b)  -> (artifact id: 'ff71150040c2963d382b33ee07d3a898') in 0.053640 seconds 
Number of asset objects unloaded after import = 2
========================================================================
Received Import Request.
  Time since last request: 0.000040 seconds.
  path: Assets/HD_InteriorLightingVol.2/Textures/Floor/Floor_14.tiff
  artifactKey: Guid(87522eda1c835f0469c76fe8d793be07) Importer(815301076,1909f56bfc062723c751e8b465ee728b)
Number of updated assets reloaded before import = 0
Start importing Assets/HD_InteriorLightingVol.2/Textures/Floor/Floor_14.tiff using Guid(87522eda1c835f0469c76fe8d793be07) Importer(815301076,1909f56bfc062723c751e8b465ee728b)  -> (artifact id: 'b8417b3d36473214e48787b93efbc1a3') in 0.050367 seconds 
Number of asset objects unloaded after import = 2
========================================================================
Received Import Request.
  Time since last request: 0.000056 seconds.
  path: Assets/HD_InteriorLightingVol.2/Textures/Floor/Floor_7.psd
  artifactKey: Guid(79235d7cba2a813488cb82414953d85f) Importer(815301076,1909f56bfc062723c751e8b465ee728b)
Number of updated assets reloaded before import = 0
Start importing Assets/HD_InteriorLightingVol.2/Textures/Floor/Floor_7.psd using Guid(79235d7cba2a813488cb82414953d85f) Importer(815301076,1909f56bfc062723c751e8b465ee728b)  -> (artifact id: '33bbb56ca8ccea0547f701d7e1676180') in 0.058745 seconds 
Number of asset objects unloaded after import = 2
========================================================================
Received Import Request.
  Time since last request: 0.000028 seconds.
  path: Assets/Kevin Iglesias/Giant Animations/Textures/GiantAO.tga
  artifactKey: Guid(754f99b91b1872d4480bbead5936f3e6) Importer(815301076,1909f56bfc062723c751e8b465ee728b)
Number of updated assets reloaded before import = 0
Start importing Assets/Kevin Iglesias/Giant Animations/Textures/GiantAO.tga using Guid(754f99b91b1872d4480bbead5936f3e6) Importer(815301076,1909f56bfc062723c751e8b465ee728b)  -> (artifact id: 'af2e10f86854ac4aa3806e7a07916e7d') in 0.111533 seconds 
Number of asset objects unloaded after import = 2
========================================================================
Received Import Request.
  Time since last request: 0.000043 seconds.
  path: Assets/Kevin Iglesias/Dance Animations/Textures/DanceFloor.png
  artifactKey: Guid(8ba6898ae0cdd164eabd6191f625f6cf) Importer(815301076,1909f56bfc062723c751e8b465ee728b)
Number of updated assets reloaded before import = 0
Start importing Assets/Kevin Iglesias/Dance Animations/Textures/DanceFloor.png using Guid(8ba6898ae0cdd164eabd6191f625f6cf) Importer(815301076,1909f56bfc062723c751e8b465ee728b)  -> (artifact id: 'fd67e690621fb5210916a573d955eb36') in 0.084287 seconds 
Number of asset objects unloaded after import = 2
========================================================================
Received Import Request.
  Time since last request: 0.000053 seconds.
  path: Assets/Grass_Tail_Animator/Sprites/Colored/Crocodile.png
  artifactKey: Guid(f3b7193a56c0deb4896fc62d891e6353) Importer(815301076,1909f56bfc062723c751e8b465ee728b)
Number of updated assets reloaded before import = 0
Start importing Assets/Grass_Tail_Animator/Sprites/Colored/Crocodile.png using Guid(f3b7193a56c0deb4896fc62d891e6353) Importer(815301076,1909f56bfc062723c751e8b465ee728b)  -> (artifact id: '563afa63c058351f79e4258db8c6b7d8') in 0.358349 seconds 
Number of asset objects unloaded after import = 3
========================================================================
Received Import Request.
  Time since last request: 0.000038 seconds.
  path: Assets/HD_InteriorLightingVol.2/Textures/Floor/Floor_2/Floor_2_DISP.png
  artifactKey: Guid(97306a7cb0b352b48978fa1a42a5c2ab) Importer(815301076,1909f56bfc062723c751e8b465ee728b)
Number of updated assets reloaded before import = 0
Start importing Assets/HD_InteriorLightingVol.2/Textures/Floor/Floor_2/Floor_2_DISP.png using Guid(97306a7cb0b352b48978fa1a42a5c2ab) Importer(815301076,1909f56bfc062723c751e8b465ee728b)  -> (artifact id: '7c57f0f03e3dbb98a0f432a089dc46f5') in 0.059486 seconds 
Number of asset objects unloaded after import = 2
========================================================================
Received Import Request.
  Time since last request: 0.000051 seconds.
  path: Assets/Kevin Iglesias/Giant Animations/Textures/GiantAnimationsFloor.tga
  artifactKey: Guid(b44dc93d85074d84f8c57473eb833aab) Importer(815301076,1909f56bfc062723c751e8b465ee728b)
Number of updated assets reloaded before import = 0
Start importing Assets/Kevin Iglesias/Giant Animations/Textures/GiantAnimationsFloor.tga using Guid(b44dc93d85074d84f8c57473eb833aab) Importer(815301076,1909f56bfc062723c751e8b465ee728b)  -> (artifact id: 'b79a5e66cfc3c0e72a942c6ad383b601') in 0.053784 seconds 
Number of asset objects unloaded after import = 2
========================================================================
Received Import Request.
  Time since last request: 0.000033 seconds.
  path: Assets/HD_InteriorLightingVol.2/Textures/Floor/Floor_2/Floor_2_SPEC.png
  artifactKey: Guid(0ab410ffdfe04214e80ac1905ac8e83f) Importer(815301076,1909f56bfc062723c751e8b465ee728b)
Number of updated assets reloaded before import = 0
Start importing Assets/HD_InteriorLightingVol.2/Textures/Floor/Floor_2/Floor_2_SPEC.png using Guid(0ab410ffdfe04214e80ac1905ac8e83f) Importer(815301076,1909f56bfc062723c751e8b465ee728b)  -> (artifact id: '65857caef9e41ce11a5e02b5620b6da7') in 0.052875 seconds 
Number of asset objects unloaded after import = 2
========================================================================
Received Import Request.
  Time since last request: 0.000042 seconds.
  path: Assets/HD_InteriorLightingVol.2/Textures/Floor/Floor_8.tiff
  artifactKey: Guid(ee7e814010c716c4fb7e77fc6ee0bab3) Importer(815301076,1909f56bfc062723c751e8b465ee728b)
Number of updated assets reloaded before import = 0
Start importing Assets/HD_InteriorLightingVol.2/Textures/Floor/Floor_8.tiff using Guid(ee7e814010c716c4fb7e77fc6ee0bab3) Importer(815301076,1909f56bfc062723c751e8b465ee728b)  -> (artifact id: '5e8e718e49123587029c5efec40dbdcf') in 0.111878 seconds 
Number of asset objects unloaded after import = 2
Editor requested this worker to shutdown with reason: Scaling down because of idle timeout
AssetImportWorker is now disconnected from the server
Process exiting
Exiting without the bug reporter. Application will terminate with return code 0